#
# A fatal error has been detected by the Java Runtime Environment:
#
#  Internal Error (./open/src/hotspot/share/oops/generateOopMap.cpp:2164), pid=11980, tid=16976
#  fatal error: Illegal class file encountered. Try running with -Xverify:all in method main
#
# JRE version: Java(TM) SE Runtime Environment 18.9 (11.0.9+7) (build 11.0.9+7-LTS)
# Java VM: Java HotSpot(TM) 64-Bit Server VM 18.9 (11.0.9+7-LTS, mixed mode, tiered, compressed oops, g1 gc, windows-amd64)
# No core dump will be written. Minidumps are not enabled by default on client versions of Windows
#
# If you would like to submit a bug report, please visit:
#   https://bugreport.java.com/bugreport/crash.jsp
#

---------------  S U M M A R Y ------------

Command Line: -agentlib:jdwp=transport=dt_socket,suspend=y,address=localhost:61228 -javaagent:D:\Selenium Files\eclipse-java-2020-09-R-win32-x86_64\eclipse\configuration\org.eclipse.osgi\215\0\.cp\lib\javaagent-shaded.jar -Dfile.encoding=Cp1252 TypePrograms.SpecialNum10to1000

Host: Intel(R) Core(TM) i5-1035G1 CPU @ 1.00GHz, 8 cores, 7G,  Windows 10 , 64 bit Build 18362 (10.0.18362.1350)
Time: Sat Apr  3 17:58:56 2021 India Standard Time elapsed time: 120.511094 seconds (0d 0h 2m 0s)

---------------  T H R E A D  ---------------

Current thread (0x0000016f821af800):  VMThread "VM Thread" [stack: 0x0000004d05e00000,0x0000004d05f00000] [id=16976]

Stack: [0x0000004d05e00000,0x0000004d05f00000]
[error occurred during error reporting (printing stack bounds), id 0xc0000005, EXCEPTION_ACCESS_VIOLATION (0xc0000005) at pc=0x0000016feb850f67]

Native frames: (J=compiled Java code, j=interpreted, Vv=VM code, C=native code)
V  [jvm.dll+0x611a3a]
V  [jvm.dll+0x748aaf]
V  [jvm.dll+0x74a135]
V  [jvm.dll+0x74a715]
V  [jvm.dll+0x74a6cb]
V  [jvm.dll+0x611323]
V  [jvm.dll+0x6116e8]
C  [ntdll.dll+0xa1eef]
C  [ntdll.dll+0x6aad9]
C  [ntdll.dll+0xa0b5e]
C  0x0000016feb850f67

VM_Operation (0x0000004d068ff020): GetOrSetLocal, mode: safepoint, requested by thread 0x0000016f82cf5800


---------------  P R O C E S S  ---------------

Threads class SMR info:
_java_thread_list=0x0000016f82e51470, length=13, elements={
0x0000016fe33d8000, 0x0000016f821d3800, 0x0000016f821dc000, 0x0000016f821e9800,
0x0000016f821ec800, 0x0000016f821f0000, 0x0000016f821fd000, 0x0000016f821fe000,
0x0000016f82baf800, 0x0000016f82cf5800, 0x0000016f82d5f000, 0x0000016f82cf6000,
0x0000016f82eae000
}

Java Threads: ( => current thread )
  0x0000016fe33d8000 JavaThread "main" [_thread_blocked, id=13712, stack(0x0000004d05800000,0x0000004d05900000)]
  0x0000016f821d3800 JavaThread "Reference Handler" daemon [_thread_blocked, id=16068, stack(0x0000004d05f00000,0x0000004d06000000)]
  0x0000016f821dc000 JavaThread "Finalizer" daemon [_thread_blocked, id=5912, stack(0x0000004d06000000,0x0000004d06100000)]
  0x0000016f821e9800 JavaThread "Signal Dispatcher" daemon [_thread_blocked, id=13804, stack(0x0000004d06100000,0x0000004d06200000)]
  0x0000016f821ec800 JavaThread "Attach Listener" daemon [_thread_blocked, id=18060, stack(0x0000004d06200000,0x0000004d06300000)]
  0x0000016f821f0000 JavaThread "C2 CompilerThread0" daemon [_thread_blocked, id=8952, stack(0x0000004d06300000,0x0000004d06400000)]
  0x0000016f821fd000 JavaThread "C1 CompilerThread0" daemon [_thread_blocked, id=4304, stack(0x0000004d06400000,0x0000004d06500000)]
  0x0000016f821fe000 JavaThread "Sweeper thread" daemon [_thread_blocked, id=15756, stack(0x0000004d06500000,0x0000004d06600000)]
  0x0000016f82baf800 JavaThread "Common-Cleaner" daemon [_thread_blocked, id=7012, stack(0x0000004d06600000,0x0000004d06700000)]
  0x0000016f82cf5800 JavaThread "JDWP Transport Listener: dt_socket" daemon [_thread_blocked, id=17816, stack(0x0000004d06800000,0x0000004d06900000)] _threads_hazard_ptr=0x0000016f82e51470
  0x0000016f82d5f000 JavaThread "JDWP Event Helper Thread" daemon [_thread_blocked, id=18252, stack(0x0000004d06900000,0x0000004d06a00000)]
  0x0000016f82cf6000 JavaThread "JDWP Command Reader" daemon [_thread_in_native, id=5176, stack(0x0000004d06a00000,0x0000004d06b00000)]
  0x0000016f82eae000 JavaThread "Service Thread" daemon [_thread_blocked, id=17488, stack(0x0000004d06b00000,0x0000004d06c00000)]

Other Threads:
=>0x0000016f821af800 VMThread "VM Thread" [stack: 0x0000004d05e00000,0x0000004d05f00000] [id=16976]
  0x0000016f82eac800 WatcherThread [stack: 0x0000004d06c00000,0x0000004d06d00000] [id=12168]
  0x0000016fe33ec000 GCTaskThread "GC Thread#0" [stack: 0x0000004d05900000,0x0000004d05a00000] [id=10456]
  0x0000016fe341e800 ConcurrentGCThread "G1 Main Marker" [stack: 0x0000004d05a00000,0x0000004d05b00000] [id=4268]
  0x0000016fe3422800 ConcurrentGCThread "G1 Conc#0" [stack: 0x0000004d05b00000,0x0000004d05c00000] [id=9464]
  0x0000016f82018800 ConcurrentGCThread "G1 Refine#0" [stack: 0x0000004d05c00000,0x0000004d05d00000] [id=11224]
  0x0000016f8201b000 ConcurrentGCThread "G1 Young RemSet Sampling" [stack: 0x0000004d05d00000,0x0000004d05e00000] [id=17900]

Threads with active compile tasks:

VM state:at safepoint (normal execution)

VM Mutex/Monitor currently owned by a thread:  ([mutex/lock_event])
[0x0000016fe33d2840] Threads_lock - owner thread: 0x0000016f821af800

Heap address: 0x0000000083000000, size: 2000 MB, Compressed Oops mode: 32-bit
Narrow klass base: 0x0000000000000000, Narrow klass shift: 3
Compressed class space size: 1073741824 Address: 0x0000000100000000

Heap:
 garbage-first heap   total 129024K, used 3072K [0x0000000083000000, 0x0000000100000000)
  region size 1024K, 5 young (5120K), 0 survivors (0K)
 Metaspace       used 8887K, capacity 9029K, committed 9344K, reserved 1058816K
  class space    used 783K, capacity 835K, committed 896K, reserved 1048576K
Heap Regions: E=young(eden), S=young(survivor), O=old, HS=humongous(starts), HC=humongous(continues), CS=collection set, F=free, A=archive, TAMS=top-at-mark-start (previous, next)
|   0|0x0000000083000000, 0x0000000083000000, 0x0000000083100000|  0%| F|  |TAMS 0x0000000083000000, 0x0000000083000000| Untracked 
|   1|0x0000000083100000, 0x0000000083100000, 0x0000000083200000|  0%| F|  |TAMS 0x0000000083100000, 0x0000000083100000| Untracked 
|   2|0x0000000083200000, 0x0000000083200000, 0x0000000083300000|  0%| F|  |TAMS 0x0000000083200000, 0x0000000083200000| Untracked 
|   3|0x0000000083300000, 0x0000000083300000, 0x0000000083400000|  0%| F|  |TAMS 0x0000000083300000, 0x0000000083300000| Untracked 
|   4|0x0000000083400000, 0x0000000083400000, 0x0000000083500000|  0%| F|  |TAMS 0x0000000083400000, 0x0000000083400000| Untracked 
|   5|0x0000000083500000, 0x0000000083500000, 0x0000000083600000|  0%| F|  |TAMS 0x0000000083500000, 0x0000000083500000| Untracked 
|   6|0x0000000083600000, 0x0000000083600000, 0x0000000083700000|  0%| F|  |TAMS 0x0000000083600000, 0x0000000083600000| Untracked 
|   7|0x0000000083700000, 0x0000000083700000, 0x0000000083800000|  0%| F|  |TAMS 0x0000000083700000, 0x0000000083700000| Untracked 
|   8|0x0000000083800000, 0x0000000083800000, 0x0000000083900000|  0%| F|  |TAMS 0x0000000083800000, 0x0000000083800000| Untracked 
|   9|0x0000000083900000, 0x0000000083900000, 0x0000000083a00000|  0%| F|  |TAMS 0x0000000083900000, 0x0000000083900000| Untracked 
|  10|0x0000000083a00000, 0x0000000083a00000, 0x0000000083b00000|  0%| F|  |TAMS 0x0000000083a00000, 0x0000000083a00000| Untracked 
|  11|0x0000000083b00000, 0x0000000083b00000, 0x0000000083c00000|  0%| F|  |TAMS 0x0000000083b00000, 0x0000000083b00000| Untracked 
|  12|0x0000000083c00000, 0x0000000083c00000, 0x0000000083d00000|  0%| F|  |TAMS 0x0000000083c00000, 0x0000000083c00000| Untracked 
|  13|0x0000000083d00000, 0x0000000083d00000, 0x0000000083e00000|  0%| F|  |TAMS 0x0000000083d00000, 0x0000000083d00000| Untracked 
|  14|0x0000000083e00000, 0x0000000083e00000, 0x0000000083f00000|  0%| F|  |TAMS 0x0000000083e00000, 0x0000000083e00000| Untracked 
|  15|0x0000000083f00000, 0x0000000083f00000, 0x0000000084000000|  0%| F|  |TAMS 0x0000000083f00000, 0x0000000083f00000| Untracked 
|  16|0x0000000084000000, 0x0000000084000000, 0x0000000084100000|  0%| F|  |TAMS 0x0000000084000000, 0x0000000084000000| Untracked 
|  17|0x0000000084100000, 0x0000000084100000, 0x0000000084200000|  0%| F|  |TAMS 0x0000000084100000, 0x0000000084100000| Untracked 
|  18|0x0000000084200000, 0x0000000084200000, 0x0000000084300000|  0%| F|  |TAMS 0x0000000084200000, 0x0000000084200000| Untracked 
|  19|0x0000000084300000, 0x0000000084300000, 0x0000000084400000|  0%| F|  |TAMS 0x0000000084300000, 0x0000000084300000| Untracked 
|  20|0x0000000084400000, 0x0000000084400000, 0x0000000084500000|  0%| F|  |TAMS 0x0000000084400000, 0x0000000084400000| Untracked 
|  21|0x0000000084500000, 0x0000000084500000, 0x0000000084600000|  0%| F|  |TAMS 0x0000000084500000, 0x0000000084500000| Untracked 
|  22|0x0000000084600000, 0x0000000084600000, 0x0000000084700000|  0%| F|  |TAMS 0x0000000084600000, 0x0000000084600000| Untracked 
|  23|0x0000000084700000, 0x0000000084700000, 0x0000000084800000|  0%| F|  |TAMS 0x0000000084700000, 0x0000000084700000| Untracked 
|  24|0x0000000084800000, 0x0000000084800000, 0x0000000084900000|  0%| F|  |TAMS 0x0000000084800000, 0x0000000084800000| Untracked 
|  25|0x0000000084900000, 0x0000000084900000, 0x0000000084a00000|  0%| F|  |TAMS 0x0000000084900000, 0x0000000084900000| Untracked 
|  26|0x0000000084a00000, 0x0000000084a00000, 0x0000000084b00000|  0%| F|  |TAMS 0x0000000084a00000, 0x0000000084a00000| Untracked 
|  27|0x0000000084b00000, 0x0000000084b00000, 0x0000000084c00000|  0%| F|  |TAMS 0x0000000084b00000, 0x0000000084b00000| Untracked 
|  28|0x0000000084c00000, 0x0000000084c00000, 0x0000000084d00000|  0%| F|  |TAMS 0x0000000084c00000, 0x0000000084c00000| Untracked 
|  29|0x0000000084d00000, 0x0000000084d00000, 0x0000000084e00000|  0%| F|  |TAMS 0x0000000084d00000, 0x0000000084d00000| Untracked 
|  30|0x0000000084e00000, 0x0000000084e00000, 0x0000000084f00000|  0%| F|  |TAMS 0x0000000084e00000, 0x0000000084e00000| Untracked 
|  31|0x0000000084f00000, 0x0000000084f00000, 0x0000000085000000|  0%| F|  |TAMS 0x0000000084f00000, 0x0000000084f00000| Untracked 
|  32|0x0000000085000000, 0x0000000085000000, 0x0000000085100000|  0%| F|  |TAMS 0x0000000085000000, 0x0000000085000000| Untracked 
|  33|0x0000000085100000, 0x0000000085100000, 0x0000000085200000|  0%| F|  |TAMS 0x0000000085100000, 0x0000000085100000| Untracked 
|  34|0x0000000085200000, 0x0000000085200000, 0x0000000085300000|  0%| F|  |TAMS 0x0000000085200000, 0x0000000085200000| Untracked 
|  35|0x0000000085300000, 0x0000000085300000, 0x0000000085400000|  0%| F|  |TAMS 0x0000000085300000, 0x0000000085300000| Untracked 
|  36|0x0000000085400000, 0x0000000085400000, 0x0000000085500000|  0%| F|  |TAMS 0x0000000085400000, 0x0000000085400000| Untracked 
|  37|0x0000000085500000, 0x0000000085500000, 0x0000000085600000|  0%| F|  |TAMS 0x0000000085500000, 0x0000000085500000| Untracked 
|  38|0x0000000085600000, 0x0000000085600000, 0x0000000085700000|  0%| F|  |TAMS 0x0000000085600000, 0x0000000085600000| Untracked 
|  39|0x0000000085700000, 0x0000000085700000, 0x0000000085800000|  0%| F|  |TAMS 0x0000000085700000, 0x0000000085700000| Untracked 
|  40|0x0000000085800000, 0x0000000085800000, 0x0000000085900000|  0%| F|  |TAMS 0x0000000085800000, 0x0000000085800000| Untracked 
|  41|0x0000000085900000, 0x0000000085900000, 0x0000000085a00000|  0%| F|  |TAMS 0x0000000085900000, 0x0000000085900000| Untracked 
|  42|0x0000000085a00000, 0x0000000085a00000, 0x0000000085b00000|  0%| F|  |TAMS 0x0000000085a00000, 0x0000000085a00000| Untracked 
|  43|0x0000000085b00000, 0x0000000085b00000, 0x0000000085c00000|  0%| F|  |TAMS 0x0000000085b00000, 0x0000000085b00000| Untracked 
|  44|0x0000000085c00000, 0x0000000085c00000, 0x0000000085d00000|  0%| F|  |TAMS 0x0000000085c00000, 0x0000000085c00000| Untracked 
|  45|0x0000000085d00000, 0x0000000085d00000, 0x0000000085e00000|  0%| F|  |TAMS 0x0000000085d00000, 0x0000000085d00000| Untracked 
|  46|0x0000000085e00000, 0x0000000085e00000, 0x0000000085f00000|  0%| F|  |TAMS 0x0000000085e00000, 0x0000000085e00000| Untracked 
|  47|0x0000000085f00000, 0x0000000085f00000, 0x0000000086000000|  0%| F|  |TAMS 0x0000000085f00000, 0x0000000085f00000| Untracked 
|  48|0x0000000086000000, 0x0000000086000000, 0x0000000086100000|  0%| F|  |TAMS 0x0000000086000000, 0x0000000086000000| Untracked 
|  49|0x0000000086100000, 0x0000000086100000, 0x0000000086200000|  0%| F|  |TAMS 0x0000000086100000, 0x0000000086100000| Untracked 
|  50|0x0000000086200000, 0x0000000086200000, 0x0000000086300000|  0%| F|  |TAMS 0x0000000086200000, 0x0000000086200000| Untracked 
|  51|0x0000000086300000, 0x0000000086300000, 0x0000000086400000|  0%| F|  |TAMS 0x0000000086300000, 0x0000000086300000| Untracked 
|  52|0x0000000086400000, 0x0000000086400000, 0x0000000086500000|  0%| F|  |TAMS 0x0000000086400000, 0x0000000086400000| Untracked 
|  53|0x0000000086500000, 0x0000000086500000, 0x0000000086600000|  0%| F|  |TAMS 0x0000000086500000, 0x0000000086500000| Untracked 
|  54|0x0000000086600000, 0x0000000086600000, 0x0000000086700000|  0%| F|  |TAMS 0x0000000086600000, 0x0000000086600000| Untracked 
|  55|0x0000000086700000, 0x0000000086700000, 0x0000000086800000|  0%| F|  |TAMS 0x0000000086700000, 0x0000000086700000| Untracked 
|  56|0x0000000086800000, 0x0000000086800000, 0x0000000086900000|  0%| F|  |TAMS 0x0000000086800000, 0x0000000086800000| Untracked 
|  57|0x0000000086900000, 0x0000000086900000, 0x0000000086a00000|  0%| F|  |TAMS 0x0000000086900000, 0x0000000086900000| Untracked 
|  58|0x0000000086a00000, 0x0000000086a00000, 0x0000000086b00000|  0%| F|  |TAMS 0x0000000086a00000, 0x0000000086a00000| Untracked 
|  59|0x0000000086b00000, 0x0000000086b00000, 0x0000000086c00000|  0%| F|  |TAMS 0x0000000086b00000, 0x0000000086b00000| Untracked 
|  60|0x0000000086c00000, 0x0000000086c00000, 0x0000000086d00000|  0%| F|  |TAMS 0x0000000086c00000, 0x0000000086c00000| Untracked 
|  61|0x0000000086d00000, 0x0000000086d00000, 0x0000000086e00000|  0%| F|  |TAMS 0x0000000086d00000, 0x0000000086d00000| Untracked 
|  62|0x0000000086e00000, 0x0000000086e00000, 0x0000000086f00000|  0%| F|  |TAMS 0x0000000086e00000, 0x0000000086e00000| Untracked 
|  63|0x0000000086f00000, 0x0000000086f00000, 0x0000000087000000|  0%| F|  |TAMS 0x0000000086f00000, 0x0000000086f00000| Untracked 
|  64|0x0000000087000000, 0x0000000087000000, 0x0000000087100000|  0%| F|  |TAMS 0x0000000087000000, 0x0000000087000000| Untracked 
|  65|0x0000000087100000, 0x0000000087100000, 0x0000000087200000|  0%| F|  |TAMS 0x0000000087100000, 0x0000000087100000| Untracked 
|  66|0x0000000087200000, 0x0000000087200000, 0x0000000087300000|  0%| F|  |TAMS 0x0000000087200000, 0x0000000087200000| Untracked 
|  67|0x0000000087300000, 0x0000000087300000, 0x0000000087400000|  0%| F|  |TAMS 0x0000000087300000, 0x0000000087300000| Untracked 
|  68|0x0000000087400000, 0x0000000087400000, 0x0000000087500000|  0%| F|  |TAMS 0x0000000087400000, 0x0000000087400000| Untracked 
|  69|0x0000000087500000, 0x0000000087500000, 0x0000000087600000|  0%| F|  |TAMS 0x0000000087500000, 0x0000000087500000| Untracked 
|  70|0x0000000087600000, 0x0000000087600000, 0x0000000087700000|  0%| F|  |TAMS 0x0000000087600000, 0x0000000087600000| Untracked 
|  71|0x0000000087700000, 0x0000000087700000, 0x0000000087800000|  0%| F|  |TAMS 0x0000000087700000, 0x0000000087700000| Untracked 
|  72|0x0000000087800000, 0x0000000087800000, 0x0000000087900000|  0%| F|  |TAMS 0x0000000087800000, 0x0000000087800000| Untracked 
|  73|0x0000000087900000, 0x0000000087900000, 0x0000000087a00000|  0%| F|  |TAMS 0x0000000087900000, 0x0000000087900000| Untracked 
|  74|0x0000000087a00000, 0x0000000087a00000, 0x0000000087b00000|  0%| F|  |TAMS 0x0000000087a00000, 0x0000000087a00000| Untracked 
|  75|0x0000000087b00000, 0x0000000087b00000, 0x0000000087c00000|  0%| F|  |TAMS 0x0000000087b00000, 0x0000000087b00000| Untracked 
|  76|0x0000000087c00000, 0x0000000087c00000, 0x0000000087d00000|  0%| F|  |TAMS 0x0000000087c00000, 0x0000000087c00000| Untracked 
|  77|0x0000000087d00000, 0x0000000087d00000, 0x0000000087e00000|  0%| F|  |TAMS 0x0000000087d00000, 0x0000000087d00000| Untracked 
|  78|0x0000000087e00000, 0x0000000087e00000, 0x0000000087f00000|  0%| F|  |TAMS 0x0000000087e00000, 0x0000000087e00000| Untracked 
|  79|0x0000000087f00000, 0x0000000087f00000, 0x0000000088000000|  0%| F|  |TAMS 0x0000000087f00000, 0x0000000087f00000| Untracked 
|  80|0x0000000088000000, 0x0000000088000000, 0x0000000088100000|  0%| F|  |TAMS 0x0000000088000000, 0x0000000088000000| Untracked 
|  81|0x0000000088100000, 0x0000000088100000, 0x0000000088200000|  0%| F|  |TAMS 0x0000000088100000, 0x0000000088100000| Untracked 
|  82|0x0000000088200000, 0x0000000088200000, 0x0000000088300000|  0%| F|  |TAMS 0x0000000088200000, 0x0000000088200000| Untracked 
|  83|0x0000000088300000, 0x0000000088300000, 0x0000000088400000|  0%| F|  |TAMS 0x0000000088300000, 0x0000000088300000| Untracked 
|  84|0x0000000088400000, 0x0000000088400000, 0x0000000088500000|  0%| F|  |TAMS 0x0000000088400000, 0x0000000088400000| Untracked 
|  85|0x0000000088500000, 0x0000000088500000, 0x0000000088600000|  0%| F|  |TAMS 0x0000000088500000, 0x0000000088500000| Untracked 
|  86|0x0000000088600000, 0x0000000088600000, 0x0000000088700000|  0%| F|  |TAMS 0x0000000088600000, 0x0000000088600000| Untracked 
|  87|0x0000000088700000, 0x0000000088700000, 0x0000000088800000|  0%| F|  |TAMS 0x0000000088700000, 0x0000000088700000| Untracked 
|  88|0x0000000088800000, 0x0000000088800000, 0x0000000088900000|  0%| F|  |TAMS 0x0000000088800000, 0x0000000088800000| Untracked 
|  89|0x0000000088900000, 0x0000000088900000, 0x0000000088a00000|  0%| F|  |TAMS 0x0000000088900000, 0x0000000088900000| Untracked 
|  90|0x0000000088a00000, 0x0000000088a00000, 0x0000000088b00000|  0%| F|  |TAMS 0x0000000088a00000, 0x0000000088a00000| Untracked 
|  91|0x0000000088b00000, 0x0000000088b00000, 0x0000000088c00000|  0%| F|  |TAMS 0x0000000088b00000, 0x0000000088b00000| Untracked 
|  92|0x0000000088c00000, 0x0000000088c00000, 0x0000000088d00000|  0%| F|  |TAMS 0x0000000088c00000, 0x0000000088c00000| Untracked 
|  93|0x0000000088d00000, 0x0000000088d00000, 0x0000000088e00000|  0%| F|  |TAMS 0x0000000088d00000, 0x0000000088d00000| Untracked 
|  94|0x0000000088e00000, 0x0000000088e00000, 0x0000000088f00000|  0%| F|  |TAMS 0x0000000088e00000, 0x0000000088e00000| Untracked 
|  95|0x0000000088f00000, 0x0000000088f00000, 0x0000000089000000|  0%| F|  |TAMS 0x0000000088f00000, 0x0000000088f00000| Untracked 
|  96|0x0000000089000000, 0x0000000089000000, 0x0000000089100000|  0%| F|  |TAMS 0x0000000089000000, 0x0000000089000000| Untracked 
|  97|0x0000000089100000, 0x0000000089100000, 0x0000000089200000|  0%| F|  |TAMS 0x0000000089100000, 0x0000000089100000| Untracked 
|  98|0x0000000089200000, 0x0000000089200000, 0x0000000089300000|  0%| F|  |TAMS 0x0000000089200000, 0x0000000089200000| Untracked 
|  99|0x0000000089300000, 0x0000000089300000, 0x0000000089400000|  0%| F|  |TAMS 0x0000000089300000, 0x0000000089300000| Untracked 
| 100|0x0000000089400000, 0x0000000089400000, 0x0000000089500000|  0%| F|  |TAMS 0x0000000089400000, 0x0000000089400000| Untracked 
| 101|0x0000000089500000, 0x0000000089500000, 0x0000000089600000|  0%| F|  |TAMS 0x0000000089500000, 0x0000000089500000| Untracked 
| 102|0x0000000089600000, 0x0000000089600000, 0x0000000089700000|  0%| F|  |TAMS 0x0000000089600000, 0x0000000089600000| Untracked 
| 103|0x0000000089700000, 0x0000000089700000, 0x0000000089800000|  0%| F|  |TAMS 0x0000000089700000, 0x0000000089700000| Untracked 
| 104|0x0000000089800000, 0x0000000089800000, 0x0000000089900000|  0%| F|  |TAMS 0x0000000089800000, 0x0000000089800000| Untracked 
| 105|0x0000000089900000, 0x0000000089900000, 0x0000000089a00000|  0%| F|  |TAMS 0x0000000089900000, 0x0000000089900000| Untracked 
| 106|0x0000000089a00000, 0x0000000089a00000, 0x0000000089b00000|  0%| F|  |TAMS 0x0000000089a00000, 0x0000000089a00000| Untracked 
| 107|0x0000000089b00000, 0x0000000089b00000, 0x0000000089c00000|  0%| F|  |TAMS 0x0000000089b00000, 0x0000000089b00000| Untracked 
| 108|0x0000000089c00000, 0x0000000089c00000, 0x0000000089d00000|  0%| F|  |TAMS 0x0000000089c00000, 0x0000000089c00000| Untracked 
| 109|0x0000000089d00000, 0x0000000089d00000, 0x0000000089e00000|  0%| F|  |TAMS 0x0000000089d00000, 0x0000000089d00000| Untracked 
| 110|0x0000000089e00000, 0x0000000089e00000, 0x0000000089f00000|  0%| F|  |TAMS 0x0000000089e00000, 0x0000000089e00000| Untracked 
| 111|0x0000000089f00000, 0x0000000089f00000, 0x000000008a000000|  0%| F|  |TAMS 0x0000000089f00000, 0x0000000089f00000| Untracked 
| 112|0x000000008a000000, 0x000000008a000000, 0x000000008a100000|  0%| F|  |TAMS 0x000000008a000000, 0x000000008a000000| Untracked 
| 113|0x000000008a100000, 0x000000008a100000, 0x000000008a200000|  0%| F|  |TAMS 0x000000008a100000, 0x000000008a100000| Untracked 
| 114|0x000000008a200000, 0x000000008a200000, 0x000000008a300000|  0%| F|  |TAMS 0x000000008a200000, 0x000000008a200000| Untracked 
| 115|0x000000008a300000, 0x000000008a300000, 0x000000008a400000|  0%| F|  |TAMS 0x000000008a300000, 0x000000008a300000| Untracked 
| 116|0x000000008a400000, 0x000000008a400000, 0x000000008a500000|  0%| F|  |TAMS 0x000000008a400000, 0x000000008a400000| Untracked 
| 117|0x000000008a500000, 0x000000008a500000, 0x000000008a600000|  0%| F|  |TAMS 0x000000008a500000, 0x000000008a500000| Untracked 
| 118|0x000000008a600000, 0x000000008a600000, 0x000000008a700000|  0%| F|  |TAMS 0x000000008a600000, 0x000000008a600000| Untracked 
| 119|0x000000008a700000, 0x000000008a700000, 0x000000008a800000|  0%| F|  |TAMS 0x000000008a700000, 0x000000008a700000| Untracked 
| 120|0x000000008a800000, 0x000000008a800000, 0x000000008a900000|  0%| F|  |TAMS 0x000000008a800000, 0x000000008a800000| Untracked 
| 121|0x000000008a900000, 0x000000008aa00000, 0x000000008aa00000|100%| E|  |TAMS 0x000000008a900000, 0x000000008a900000| Complete 
| 122|0x000000008aa00000, 0x000000008ab00000, 0x000000008ab00000|100%| E|  |TAMS 0x000000008aa00000, 0x000000008aa00000| Complete 
| 123|0x000000008ab00000, 0x000000008ac00000, 0x000000008ac00000|100%| E|CS|TAMS 0x000000008ab00000, 0x000000008ab00000| Complete 
| 124|0x000000008ac00000, 0x000000008ad00000, 0x000000008ad00000|100%| E|CS|TAMS 0x000000008ac00000, 0x000000008ac00000| Complete 
| 125|0x000000008ad00000, 0x000000008ae00000, 0x000000008ae00000|100%| E|CS|TAMS 0x000000008ad00000, 0x000000008ad00000| Complete 

Card table byte_map: [0x0000016ffaf70000,0x0000016ffb360000] _byte_map_base: 0x0000016ffab58000

Marking Bits (Prev, Next): (CMBitMap*) 0x0000016fe3415b38, (CMBitMap*) 0x0000016fe3415b70
 Prev Bits: [0x0000016ffb750000, 0x0000016ffd690000)
 Next Bits: [0x0000016ffd690000, 0x0000016fff5d0000)

Polling page: 0x0000016fe1190000

Metaspace:

Usage:
  Non-class:      8.00 MB capacity,     7.91 MB ( 99%) used,    83.28 KB (  1%) free+waste,     6.63 KB ( <1%) overhead. 
      Class:    835.00 KB capacity,   783.73 KB ( 94%) used,    48.71 KB (  6%) free+waste,     2.56 KB ( <1%) overhead. 
       Both:      8.82 MB capacity,     8.68 MB ( 98%) used,   131.99 KB (  1%) free+waste,     9.19 KB ( <1%) overhead. 

Virtual space:
  Non-class space:       10.00 MB reserved,       8.25 MB ( 83%) committed 
      Class space:        1.00 GB reserved,     896.00 KB ( <1%) committed 
             Both:        1.01 GB reserved,       9.13 MB ( <1%) committed 

Chunk freelists:
   Non-Class:  7.75 KB
       Class:  3.63 KB
        Both:  11.38 KB

CodeHeap 'non-profiled nmethods': size=120000Kb used=126Kb max_used=126Kb free=119873Kb
 bounds [0x0000016ff3320000, 0x0000016ff3590000, 0x0000016ffa850000]
CodeHeap 'profiled nmethods': size=120000Kb used=597Kb max_used=597Kb free=119402Kb
 bounds [0x0000016febdf0000, 0x0000016fec060000, 0x0000016ff3320000]
CodeHeap 'non-nmethods': size=5760Kb used=1164Kb max_used=1180Kb free=4596Kb
 bounds [0x0000016feb850000, 0x0000016febac0000, 0x0000016febdf0000]
 total_blobs=771 nmethods=413 adapters=278
 compilation: enabled
              stopped_count=0, restarted_count=0
 full_count=0

Compilation events (10 events):
Event: 0.962 Thread 0x0000016f821f0000  392       4       java.util.Arrays::copyOfRange (63 bytes)
Event: 0.962 Thread 0x0000016f821fd000 nmethod 410 0x0000016febe83690 code [0x0000016febe83880, 0x0000016febe83e00]
Event: 0.967 Thread 0x0000016f821f0000 nmethod 392 0x0000016ff333dc90 code [0x0000016ff333de20, 0x0000016ff333e078]
Event: 1.009 Thread 0x0000016f82d48800 nmethod 386 0x0000016ff333e210 code [0x0000016ff333e3c0, 0x0000016ff333f618]
Event: 50.413 Thread 0x0000016f821fd000  411       3       org.eclipse.jdt.launching.internal.org.objectweb.asm.ClassReader::readUnsignedShort (26 bytes)
Event: 50.414 Thread 0x0000016f821fd000 nmethod 411 0x0000016febe83f90 code [0x0000016febe84140, 0x0000016febe842f8]
Event: 112.631 Thread 0x0000016f821fd000  412       3       java.lang.String::<init> (74 bytes)
Event: 112.635 Thread 0x0000016f821fd000 nmethod 412 0x0000016febe84410 code [0x0000016febe84620, 0x0000016febe84d00]
Event: 112.635 Thread 0x0000016f821fd000  413       3       java.lang.StringUTF16::compress (20 bytes)
Event: 112.635 Thread 0x0000016f821fd000 nmethod 413 0x0000016febe84f90 code [0x0000016febe85140, 0x0000016febe853d0]

GC Heap History (0 events):
No events

Deoptimization events (4 events):
Event: 0.555 Thread 0x0000016fe33d8000 Uncommon trap: reason=class_check action=maybe_recompile pc=0x0000016ff332d58c method=java.util.HashMap.putVal(ILjava/lang/Object;Ljava/lang/Object;ZZ)Ljava/lang/Object; @ 152 c2
Event: 0.588 Thread 0x0000016fe33d8000 Uncommon trap: reason=class_check action=maybe_recompile pc=0x0000016ff332d58c method=java.util.HashMap.putVal(ILjava/lang/Object;Ljava/lang/Object;ZZ)Ljava/lang/Object; @ 152 c2
Event: 0.621 Thread 0x0000016fe33d8000 Uncommon trap: reason=unstable_if action=reinterpret pc=0x0000016ff332d7f4 method=java.util.HashMap.putVal(ILjava/lang/Object;Ljava/lang/Object;ZZ)Ljava/lang/Object; @ 181 c2
Event: 0.864 Thread 0x0000016fe33d8000 Uncommon trap: reason=unstable_if action=reinterpret pc=0x0000016ff332e178 method=java.lang.String.isLatin1()Z @ 10 c2

Classes redefined (2 events):
Event: 50.416 Thread 0x0000016f821af800 redefined class name=TypePrograms.SpecialNum10to1000, count=1
Event: 112.633 Thread 0x0000016f821af800 redefined class name=TypePrograms.SpecialNum10to1000, count=2

Internal exceptions (0 events):
No events

Events (10 events):
Event: 112.649 Executing VM operation: GetFrameCount done
Event: 112.649 Executing VM operation: GetStackTrace
Event: 112.649 Executing VM operation: GetStackTrace done
Event: 112.691 Executing VM operation: GetFrameCount
Event: 112.691 Executing VM operation: GetFrameCount done
Event: 112.691 Executing VM operation: GetOwnedMonitorInfo
Event: 112.692 Executing VM operation: GetOwnedMonitorInfo done
Event: 112.692 Executing VM operation: GetCurrentContendedMonitor
Event: 112.692 Executing VM operation: GetCurrentContendedMonitor done
Event: 120.497 Executing VM operation: GetOrSetLocal


Dynamic libraries:
0x00007ff629e50000 - 0x00007ff629e5f000 	C:\Program Files\Java\jdk-11.0.9\bin\javaw.exe
0x00007ffe42bc0000 - 0x00007ffe42db0000 	C:\Windows\SYSTEM32\ntdll.dll
0x00007ffe41960000 - 0x00007ffe41a12000 	C:\Windows\System32\KERNEL32.DLL
0x00007ffe3fbe0000 - 0x00007ffe3fe85000 	C:\Windows\System32\KERNELBASE.dll
0x00007ffe3fe90000 - 0x00007ffe3ff8a000 	C:\Windows\System32\ucrtbase.dll
0x00007ffe38c60000 - 0x00007ffe38c78000 	C:\Program Files\Java\jdk-11.0.9\bin\jli.dll
0x00007ffe40e30000 - 0x00007ffe40ed3000 	C:\Windows\System32\ADVAPI32.dll
0x00007ffe2a4b0000 - 0x00007ffe2a4c5000 	C:\Program Files\Java\jdk-11.0.9\bin\VCRUNTIME140.dll
0x00007ffe42110000 - 0x00007ffe421ae000 	C:\Windows\System32\msvcrt.dll
0x00007ffe421f0000 - 0x00007ffe42287000 	C:\Windows\System32\sechost.dll
0x00007ffe41dd0000 - 0x00007ffe41eef000 	C:\Windows\System32\RPCRT4.dll
0x00007ffe40c90000 - 0x00007ffe40e24000 	C:\Windows\System32\USER32.dll
0x00007ffe40390000 - 0x00007ffe403b1000 	C:\Windows\System32\win32u.dll
0x00007ffe421c0000 - 0x00007ffe421e6000 	C:\Windows\System32\GDI32.dll
0x00007ffe40110000 - 0x00007ffe402a8000 	C:\Windows\System32\gdi32full.dll
0x00007ffe40bd0000 - 0x00007ffe40c6e000 	C:\Windows\System32\msvcp_win.dll
0x00007ffe2add0000 - 0x00007ffe2b054000 	C:\Windows\WinSxS\amd64_microsoft.windows.common-controls_6595b64144ccf1df_6.0.18362.1440_none_9e7dbfb9e45e8e67\COMCTL32.dll
0x00007ffe41a20000 - 0x00007ffe41d56000 	C:\Windows\System32\combase.dll
0x00007ffe40b40000 - 0x00007ffe40bc1000 	C:\Windows\System32\bcryptPrimitives.dll
0x00007ffe33a30000 - 0x00007ffe33a3a000 	C:\Windows\SYSTEM32\VERSION.dll
0x00007ffe417f0000 - 0x00007ffe4181e000 	C:\Windows\System32\IMM32.DLL
0x00007ffe25580000 - 0x00007ffe2561b000 	C:\Program Files\Java\jdk-11.0.9\bin\msvcp140.dll
0x00007ffdc5060000 - 0x00007ffdc5b57000 	C:\Program Files\Java\jdk-11.0.9\bin\server\jvm.dll
0x00007ffe421b0000 - 0x00007ffe421b8000 	C:\Windows\System32\PSAPI.DLL
0x00007ffe293a0000 - 0x00007ffe293a9000 	C:\Windows\SYSTEM32\WSOCK32.dll
0x00007ffe42b10000 - 0x00007ffe42b7f000 	C:\Windows\System32\WS2_32.dll
0x00007ffe3a080000 - 0x00007ffe3a0a4000 	C:\Windows\SYSTEM32\WINMM.dll
0x00007ffe3a050000 - 0x00007ffe3a07d000 	C:\Windows\SYSTEM32\WINMMBASE.dll
0x00007ffe3fb90000 - 0x00007ffe3fbda000 	C:\Windows\System32\cfgmgr32.dll
0x00007ffe3faa0000 - 0x00007ffe3fab1000 	C:\Windows\System32\kernel.appcore.dll
0x00007ffe3a630000 - 0x00007ffe3a640000 	C:\Program Files\Java\jdk-11.0.9\bin\verify.dll
0x00007ffe3b310000 - 0x00007ffe3b504000 	C:\Windows\SYSTEM32\DBGHELP.DLL
0x00007ffe2e2c0000 - 0x00007ffe2e2ea000 	C:\Windows\SYSTEM32\dbgcore.DLL
0x00007ffe257f0000 - 0x00007ffe25818000 	C:\Program Files\Java\jdk-11.0.9\bin\java.dll
0x00007ffe36190000 - 0x00007ffe3619a000 	C:\Program Files\Java\jdk-11.0.9\bin\jimage.dll
0x00007ffe2a4d0000 - 0x00007ffe2a508000 	C:\Program Files\Java\jdk-11.0.9\bin\jdwp.dll
0x00007ffe35d80000 - 0x00007ffe35d8e000 	C:\Program Files\Java\jdk-11.0.9\bin\instrument.dll
0x00007ffe29f00000 - 0x00007ffe29f16000 	C:\Program Files\Java\jdk-11.0.9\bin\zip.dll
0x00007ffe42350000 - 0x00007ffe42a38000 	C:\Windows\System32\SHELL32.dll
0x00007ffe422a0000 - 0x00007ffe42347000 	C:\Windows\System32\shcore.dll
0x00007ffe403c0000 - 0x00007ffe40b3b000 	C:\Windows\System32\windows.storage.dll
0x00007ffe3fb10000 - 0x00007ffe3fb2e000 	C:\Windows\System32\profapi.dll
0x00007ffe3fac0000 - 0x00007ffe3fb0a000 	C:\Windows\System32\powrprof.dll
0x00007ffe3fa70000 - 0x00007ffe3fa80000 	C:\Windows\System32\UMPDC.dll
0x00007ffe415e0000 - 0x00007ffe41632000 	C:\Windows\System32\shlwapi.dll
0x00007ffe400f0000 - 0x00007ffe40107000 	C:\Windows\System32\cryptsp.dll
0x00007ffe38ca0000 - 0x00007ffe38caa000 	C:\Program Files\Java\jdk-11.0.9\bin\dt_socket.dll
0x00007ffe3f2b0000 - 0x00007ffe3f317000 	C:\Windows\System32\mswsock.dll
0x00007ffe3efa0000 - 0x00007ffe3f06b000 	C:\Windows\SYSTEM32\DNSAPI.dll
0x00007ffe42290000 - 0x00007ffe42298000 	C:\Windows\System32\NSI.dll
0x00007ffe3ef60000 - 0x00007ffe3ef9a000 	C:\Windows\SYSTEM32\IPHLPAPI.DLL
0x00007ffe2b270000 - 0x00007ffe2b2e7000 	C:\Windows\System32\fwpuclnt.dll
0x00007ffe402b0000 - 0x00007ffe402d6000 	C:\Windows\System32\bcrypt.dll
0x00007ffe35690000 - 0x00007ffe3569a000 	C:\Windows\System32\rasadhlp.dll
0x00007ffe257d0000 - 0x00007ffe257e9000 	C:\Program Files\Java\jdk-11.0.9\bin\net.dll
0x00007ffe2a770000 - 0x00007ffe2a86a000 	C:\Windows\SYSTEM32\WINHTTP.dll
0x00007ffe257b0000 - 0x00007ffe257c2000 	C:\Program Files\Java\jdk-11.0.9\bin\nio.dll

dbghelp: loaded successfully - version: 4.0.5 - missing functions: none
symbol engine: initialized successfully - sym options: 0x614 - pdb path: .;C:\Program Files\Java\jdk-11.0.9\bin;C:\Windows\SYSTEM32;C:\Windows\WinSxS\amd64_microsoft.windows.common-controls_6595b64144ccf1df_6.0.18362.1440_none_9e7dbfb9e45e8e67;C:\Program Files\Java\jdk-11.0.9\bin\server

VM Arguments:
jvm_args: -agentlib:jdwp=transport=dt_socket,suspend=y,address=localhost:61228 -javaagent:D:\Selenium Files\eclipse-java-2020-09-R-win32-x86_64\eclipse\configuration\org.eclipse.osgi\215\0\.cp\lib\javaagent-shaded.jar -Dfile.encoding=Cp1252 
java_command: TypePrograms.SpecialNum10to1000
java_class_path (initial): F:\Java Programes\Programmes\bin
Launcher Type: SUN_STANDARD

[Global flags]
     intx CICompilerCount                          = 4                                         {product} {ergonomic}
     uint ConcGCThreads                            = 2                                         {product} {ergonomic}
     uint G1ConcRefinementThreads                  = 8                                         {product} {ergonomic}
   size_t G1HeapRegionSize                         = 1048576                                   {product} {ergonomic}
    uintx GCDrainStackTargetSize                   = 64                                        {product} {ergonomic}
   size_t InitialHeapSize                          = 132120576                                 {product} {ergonomic}
   size_t MarkStackSize                            = 4194304                                   {product} {ergonomic}
   size_t MaxHeapSize                              = 2097152000                                {product} {ergonomic}
   size_t MaxNewSize                               = 1258291200                                {product} {ergonomic}
   size_t MinHeapDeltaBytes                        = 1048576                                   {product} {ergonomic}
    uintx NonNMethodCodeHeapSize                   = 5836300                                {pd product} {ergonomic}
    uintx NonProfiledCodeHeapSize                  = 122910970                              {pd product} {ergonomic}
    uintx ProfiledCodeHeapSize                     = 122910970                              {pd product} {ergonomic}
    uintx ReservedCodeCacheSize                    = 251658240                              {pd product} {ergonomic}
     bool SegmentedCodeCache                       = true                                      {product} {ergonomic}
     bool UseCompressedClassPointers               = true                                 {lp64_product} {ergonomic}
     bool UseCompressedOops                        = true                                 {lp64_product} {ergonomic}
     bool UseG1GC                                  = true                                      {product} {ergonomic}
     bool UseLargePagesIndividualAllocation        = false                                  {pd product} {ergonomic}

Logging:
Log output configuration:
 #0: stdout all=warning uptime,level,tags
 #1: stderr all=off uptime,level,tags

Environment Variables:
JAVA_HOME=C:\Program Files\Java\jdk-11.0.9
PATH=C:\Program Files\Common Files\Oracle\Java\javapath;C:\Windows\system32;C:\Windows;C:\Windows\System32\Wbem;C:\Windows\System32\WindowsPowerShell\v1.0\;C:\Windows\System32\OpenSSH\;C:\Program Files\Java\jdk-11.0.9\bin;C:\Program Files\Git\cmd;C:\Users\nissa\Downloads\apache-maven-3.6.3-bin\apache-maven-3.6.3\bin;C:\Users\nissa\AppData\Local\Microsoft\WindowsApps;
USERNAME=nissa
OS=Windows_NT
PROCESSOR_IDENTIFIER=Intel64 Family 6 Model 126 Stepping 5, GenuineIntel



---------------  S Y S T E M  ---------------

OS: Windows 10 , 64 bit Build 18362 (10.0.18362.1350)

CPU:total 8 (initial active 8) (4 cores per cpu, 2 threads per core) family 6 model 126 stepping 5, cmov, cx8, fxsr, mmx, sse, sse2, sse3, ssse3, sse4.1, sse4.2, popcnt, avx, avx2, aes, clmul, erms, 3dnowpref, lzcnt, ht, tsc, tscinvbit, bmi1, bmi2, adx, evex, sha, fma

Memory: 4k page, system-wide physical 7997M (3395M free)
TotalPageFile size 9277M (AvailPageFile size 2801M)
current process WorkingSet (physical memory assigned to process): 42M, peak: 47M
current process commit charge ("private bytes"): 208M, peak: 212M

vm_info: Java HotSpot(TM) 64-Bit Server VM (11.0.9+7-LTS) for windows-amd64 JRE (11.0.9+7-LTS), built on Sep 15 2020 16:47:03 by "mach5one" with MS VC++ 15.9 (VS2017)

END.
